<?xml version="1.0" encoding="UTF-8"?>
<testng-results ignored="0" total="1" passed="1" failed="0" skipped="0">
  <reporter-output>
  </reporter-output>
  <suite started-at="2024-02-03T16:11:11 IST" name="Default suite" finished-at="2024-02-03T16:11:11 IST" duration-ms="90">
    <groups>
    </groups>
    <test started-at="2024-02-03T16:11:11 IST" name="Default test" finished-at="2024-02-03T16:11:11 IST" duration-ms="90">
      <class name="basics.DemoTestNg">
        <test-method signature="DemoTest()[pri:0, instance:basics.DemoTestNg@201a4587]" started-at="2024-02-03T16:11:11 IST" name="DemoTest" finished-at="2024-02-03T16:11:11 IST" duration-ms="16" status="PASS">
          <reporter-output>
          </reporter-output>
        </test-method> <!-- DemoTest -->
      </class> <!-- basics.DemoTestNg -->
    </test> <!-- Default test -->
  </suite> <!-- Default suite -->
</testng-results>
